d:\c++\openglcpp\assignment6\assignment6\debug\vc120.pdb
d:\c++\openglcpp\assignment6\assignment6\debug\vc120.idb
d:\c++\openglcpp\assignment6\assignment6\debug\cube.obj
d:\c++\openglcpp\assignment6\assignment6\debug\groundstripes.obj
d:\c++\openglcpp\assignment6\assignment6\debug\loadshaders.obj
d:\c++\openglcpp\assignment6\assignment6\debug\main.obj
d:\c++\openglcpp\assignment6\assignment6\debug\pointsprite.obj
d:\c++\openglcpp\assignment6\assignment6\debug\quad.obj
d:\c++\openglcpp\assignment6\assignment6\debug\rectangle.obj
d:\c++\openglcpp\assignment6\assignment6\debug\sphere.obj
d:\c++\openglcpp\assignment6\assignment6\debug\texmodel.obj
d:\c++\openglcpp\assignment6\assignment6\debug\texture.obj
d:\c++\openglcpp\assignment6\assignment6\debug\transparenttexmodel.obj
d:\c++\openglcpp\assignment6\assignment6\debug\viewcontroller.obj
d:\c++\openglcpp\assignment6\assignment6\debug\worldmodel.obj
d:\dev\github\3d_tag\assignment6\debug\vc120.pdb
d:\dev\github\3d_tag\assignment6\debug\vc120.idb
d:\dev\github\3d_tag\assignment6\debug\cube.obj
d:\dev\github\3d_tag\assignment6\debug\groundstripes.obj
d:\dev\github\3d_tag\assignment6\debug\loadshaders.obj
d:\dev\github\3d_tag\assignment6\debug\main.obj
d:\dev\github\3d_tag\assignment6\debug\pointsprite.obj
d:\dev\github\3d_tag\assignment6\debug\quad.obj
d:\dev\github\3d_tag\assignment6\debug\rectangle.obj
d:\dev\github\3d_tag\assignment6\debug\sphere.obj
d:\dev\github\3d_tag\assignment6\debug\texmodel.obj
d:\dev\github\3d_tag\assignment6\debug\texture.obj
d:\dev\github\3d_tag\assignment6\debug\transparenttexmodel.obj
d:\dev\github\3d_tag\assignment6\debug\viewcontroller.obj
d:\dev\github\3d_tag\assignment6\debug\worldmodel.obj
d:\c++\openglcpp\assignment6\debug\assignment6.ilk
d:\c++\openglcpp\assignment6\debug\assignment6.exe
d:\c++\openglcpp\assignment6\debug\assignment6.pdb
d:\dev\github\3d_tag\debug\assignment6.ilk
d:\dev\github\3d_tag\debug\assignment6.exe
d:\dev\github\3d_tag\debug\assignment6.pdb
d:\dev\github\3d_tag\assignment6\debug\map.obj
d:\dev\github\3d_tag\assignment6\debug\multitexmodel.obj
d:\dev\github\3d_tag\assignment6\debug\player.obj
d:\dev\github\3d_tag\assignment6\debug\texmodel2d.obj
d:\dev\github\3d_tag\assignment6\debug\transparenttexmodel2d.obj
d:\dev\github\3d_tag\assignment6\debug\assignment6.tlog\cl.command.1.tlog
d:\dev\github\3d_tag\assignment6\debug\assignment6.tlog\cl.read.1.tlog
d:\dev\github\3d_tag\assignment6\debug\assignment6.tlog\cl.write.1.tlog
d:\dev\github\3d_tag\assignment6\debug\assignment6.tlog\link.command.1.tlog
d:\dev\github\3d_tag\assignment6\debug\assignment6.tlog\link.read.1.tlog
d:\dev\github\3d_tag\assignment6\debug\assignment6.tlog\link.write.1.tlog
