d:\c++\openglcpp\assignment6\assignment6\release\vc120.pdb
d:\c++\openglcpp\assignment6\assignment6\release\worldmodel.obj
d:\c++\openglcpp\assignment6\assignment6\release\viewcontroller.obj
d:\c++\openglcpp\assignment6\assignment6\release\transparenttexmodel.obj
d:\c++\openglcpp\assignment6\assignment6\release\texture.obj
d:\c++\openglcpp\assignment6\assignment6\release\texmodel.obj
d:\c++\openglcpp\assignment6\assignment6\release\sphere.obj
d:\c++\openglcpp\assignment6\assignment6\release\rectangle.obj
d:\c++\openglcpp\assignment6\assignment6\release\quad.obj
d:\c++\openglcpp\assignment6\assignment6\release\pointsprite.obj
d:\c++\openglcpp\assignment6\assignment6\release\main.obj
d:\c++\openglcpp\assignment6\assignment6\release\loadshaders.obj
d:\c++\openglcpp\assignment6\assignment6\release\groundstripes.obj
d:\c++\openglcpp\assignment6\assignment6\release\cube.obj
d:\dev\github\3d_tag\assignment6\release\vc120.pdb
d:\dev\github\3d_tag\assignment6\release\worldmodel.obj
d:\dev\github\3d_tag\assignment6\release\viewcontroller.obj
d:\dev\github\3d_tag\assignment6\release\transparenttexmodel.obj
d:\dev\github\3d_tag\assignment6\release\texture.obj
d:\dev\github\3d_tag\assignment6\release\texmodel.obj
d:\dev\github\3d_tag\assignment6\release\sphere.obj
d:\dev\github\3d_tag\assignment6\release\rectangle.obj
d:\dev\github\3d_tag\assignment6\release\quad.obj
d:\dev\github\3d_tag\assignment6\release\pointsprite.obj
d:\dev\github\3d_tag\assignment6\release\main.obj
d:\dev\github\3d_tag\assignment6\release\loadshaders.obj
d:\dev\github\3d_tag\assignment6\release\groundstripes.obj
d:\dev\github\3d_tag\assignment6\release\cube.obj
d:\c++\openglcpp\assignment6\release\assignment6.exe
d:\c++\openglcpp\assignment6\release\assignment6.pdb
d:\dev\github\3d_tag\release\assignment6.exe
d:\dev\github\3d_tag\release\assignment6.pdb
d:\dev\github\3d_tag\assignment6\release\assignment6.tlog\cl.command.1.tlog
d:\dev\github\3d_tag\assignment6\release\assignment6.tlog\cl.read.1.tlog
d:\dev\github\3d_tag\assignment6\release\assignment6.tlog\cl.write.1.tlog
d:\dev\github\3d_tag\assignment6\release\assignment6.tlog\link.command.1.tlog
d:\dev\github\3d_tag\assignment6\release\assignment6.tlog\link.read.1.tlog
d:\dev\github\3d_tag\assignment6\release\assignment6.tlog\link.write.1.tlog
